INFO [2015-08-28 12:40:32,115] Nikolaypkpw002nox@mail.ru
INFO [2015-08-28 12:40:32,161] Petrorientw015tir@mail.ru
INFO [2015-08-28 12:40:32,190] Petrorientw015tir@mail.ru
INFO [2015-08-28 12:40:32,269] Osipbendere010lli@mail.ru
INFO [2015-08-28 12:40:32,352] Olesyajonnd008bre@mail.ru
INFO [2015-08-28 12:40:32,430] Olesyajonnd008bre@mail.ru
INFO [2015-08-28 12:40:32,513] Pavelchoicj012bra@mail.ru
INFO [2015-08-28 12:40:32,569] Potappronsn019kre@mail.ru
INFO [2015-08-28 12:40:32,644] Olganiklucm009orr@mail.ru
INFO [2015-08-28 12:40:32,703] Ninelraselg004ppo@mail.ru
INFO [2015-08-28 12:40:32,779] Nikolaiofwt001mum@mail.ru
INFO [2015-08-28 12:40:32,867] Oktyabrinah006qwn@mail.ru
INFO [2015-08-28 12:40:32,954] Osipbendere010lli@mail.ru
INFO [2015-08-28 12:40:33,017] Nikolaiofwt001mum@mail.ru
INFO [2015-08-28 12:40:33,069] Osipbendere010lli@mail.ru
INFO [2015-08-28 12:40:33,105] Nikolaypkpw002nox@mail.ru
INFO [2015-08-28 12:40:33,117] Oktyabrinah006qwn@mail.ru
INFO [2015-08-28 12:40:33,207] Osipbendere010lli@mail.ru
INFO [2015-08-28 12:40:33,282] Oktyabrinah006qwn@mail.ru
INFO [2015-08-28 12:40:33,331] Oktyabrinah006qwn@mail.ru
INFO [2015-08-28 12:40:33,427] Platonidaqh017mar@mail.ru
INFO [2015-08-28 12:40:33,467] Platonvojep016bra@mail.ru
INFO [2015-08-28 12:40:33,549] Pelageyabwp014num@mail.ru
INFO [2015-08-28 12:40:33,641] Olesyajonnd008bre@mail.ru
INFO [2015-08-28 12:40:33,687] Ninelraselg004ppo@mail.ru
INFO [2015-08-28 12:40:33,749] Pelageyabwp014num@mail.ru
INFO [2015-08-28 12:40:33,779] Potappronsn019kre@mail.ru
INFO [2015-08-28 12:40:33,838] Oktyabrinah006qwn@mail.ru
INFO [2015-08-28 12:40:33,882] Polinalnsae018div@mail.ru
INFO [2015-08-28 12:40:33,927] Polinalnsae018div@mail.ru
INFO [2015-08-28 12:40:33,971] Olegmatrosm007huo@mail.ru
INFO [2015-08-28 12:40:33,982] Pavelchoicj012bra@mail.ru
INFO [2015-08-28 12:40:34,042] Osipbendere010lli@mail.ru
INFO [2015-08-28 12:40:34,131] Polinalnsae018div@mail.ru
INFO [2015-08-28 12:40:34,380] Oksananickk005sam@mail.ru
INFO [2015-08-28 12:40:34,486] Olegmatrosm007huo@mail.ru
INFO [2015-08-28 12:40:34,563] Nikolaypkpw002nox@mail.ru
INFO [2015-08-28 12:40:34,598] Praskovyaqn020ree@mail.ru
INFO [2015-08-28 12:40:34,677] Petrorientw015tir@mail.ru
INFO [2015-08-28 12:40:34,750] Ninelraselg004ppo@mail.ru
INFO [2015-08-28 12:40:34,822] Nikolaiofwt001mum@mail.ru
INFO [2015-08-28 12:40:34,924] Praskovyaqn020ree@mail.ru
INFO [2015-08-28 12:40:34,934] Praskovyaqn020ree@mail.ru
INFO [2015-08-28 12:40:35,028] Pelageyabwp014num@mail.ru
INFO [2015-08-28 12:40:35,108] Ninabombass003jin@mail.ru
INFO [2015-08-28 12:40:35,141] Olesyajonnd008bre@mail.ru
INFO [2015-08-28 12:40:35,232] Nikolaypkpw002nox@mail.ru
INFO [2015-08-28 12:40:35,312] Pavelchoicj012bra@mail.ru
INFO [2015-08-28 12:40:35,378] Oktyabrinah006qwn@mail.ru
INFO [2015-08-28 12:40:35,447] Potappronsn019kre@mail.ru
INFO [2015-08-28 12:42:02,642] Praskovyaqn020ree@mail.ru
INFO [2015-08-28 12:42:02,726] Ninelraselg004ppo@mail.ru
INFO [2015-08-28 12:42:02,763] Olganiklucm009orr@mail.ru
INFO [2015-08-28 12:42:02,792] Pavelchoicj012bra@mail.ru
INFO [2015-08-28 12:42:02,842] Petrorientw015tir@mail.ru
INFO [2015-08-28 12:42:02,859] Osipbendere010lli@mail.ru
INFO [2015-08-28 12:42:02,911] Pavlinastre013ohe@mail.ru
INFO [2015-08-28 12:42:02,980] Olesyajonnd008bre@mail.ru
INFO [2015-08-28 12:42:03,022] Potappronsn019kre@mail.ru
INFO [2015-08-28 12:42:03,112] Olganiklucm009orr@mail.ru
INFO [2015-08-28 12:42:03,203] Ninelraselg004ppo@mail.ru
INFO [2015-08-28 12:42:03,298] Osipbendere010lli@mail.ru
INFO [2015-08-28 12:42:03,321] Pavlinastre013ohe@mail.ru
INFO [2015-08-28 12:42:03,381] Ninabombass003jin@mail.ru
INFO [2015-08-28 12:42:03,486] Platonidaqh017mar@mail.ru
INFO [2015-08-28 12:42:03,542] Potappronsn019kre@mail.ru
INFO [2015-08-28 12:42:03,621] Petrorientw015tir@mail.ru
INFO [2015-08-28 12:42:03,713] Ostapbuzzer011nee@mail.ru
INFO [2015-08-28 12:42:03,767] Pelageyabwp014num@mail.ru
INFO [2015-08-28 12:42:03,841] Oktyabrinah006qwn@mail.ru
INFO [2015-08-28 12:42:03,927] Nikolaiofwt001mum@mail.ru
INFO [2015-08-28 12:42:04,000] Petrorientw015tir@mail.ru
INFO [2015-08-28 12:42:04,084] Ostapbuzzer011nee@mail.ru
INFO [2015-08-28 12:42:04,161] Nikolaypkpw002nox@mail.ru
INFO [2015-08-28 12:42:04,214] Platonidaqh017mar@mail.ru
INFO [2015-08-28 12:42:04,298] Oksananickk005sam@mail.ru
INFO [2015-08-28 12:42:04,351] Praskovyaqn020ree@mail.ru
INFO [2015-08-28 12:42:04,385] Osipbendere010lli@mail.ru
INFO [2015-08-28 12:42:04,476] Olesyajonnd008bre@mail.ru
INFO [2015-08-28 12:42:04,526] Platonidaqh017mar@mail.ru
INFO [2015-08-28 12:42:04,599] Osipbendere010lli@mail.ru
INFO [2015-08-28 12:42:04,664] Osipbendere010lli@mail.ru
INFO [2015-08-28 12:42:04,749] Pelageyabwp014num@mail.ru
INFO [2015-08-28 12:42:04,796] Platonidaqh017mar@mail.ru
INFO [2015-08-28 12:42:04,811] Oktyabrinah006qwn@mail.ru
INFO [2015-08-28 12:42:05,461] Ostapbuzzer011nee@mail.ru
INFO [2015-08-28 12:42:05,536] Olegmatrosm007huo@mail.ru
INFO [2015-08-28 12:42:05,638] Polinalnsae018div@mail.ru
INFO [2015-08-28 12:42:05,693] Praskovyaqn020ree@mail.ru
INFO [2015-08-28 12:42:05,805] Osipbendere010lli@mail.ru
INFO [2015-08-28 12:42:05,852] Praskovyaqn020ree@mail.ru
INFO [2015-08-28 12:42:05,877] Oktyabrinah006qwn@mail.ru
INFO [2015-08-28 12:42:05,971] Ninelraselg004ppo@mail.ru
INFO [2015-08-28 12:42:06,023] Platonvojep016bra@mail.ru
INFO [2015-08-28 12:42:06,124] Praskovyaqn020ree@mail.ru
INFO [2015-08-28 12:42:06,176] Olganiklucm009orr@mail.ru
INFO [2015-08-28 12:42:06,230] Ninabombass003jin@mail.ru
INFO [2015-08-28 12:42:06,272] Platonvojep016bra@mail.ru
INFO [2015-08-28 12:42:06,311] Platonidaqh017mar@mail.ru
INFO [2015-08-28 12:42:06,417] Pelageyabwp014num@mail.ru
INFO [2015-08-28 12:42:07,148] Petrorientw015tir@mail.ru
INFO [2015-08-28 12:42:07,246] Nikolaiofwt001mum@mail.ru
INFO [2015-08-28 12:42:07,259] Ninabombass003jin@mail.ru
INFO [2015-08-28 12:42:07,351] Osipbendere010lli@mail.ru
INFO [2015-08-28 12:42:07,441] Petrorientw015tir@mail.ru
INFO [2015-08-28 12:42:07,457] Pelageyabwp014num@mail.ru
INFO [2015-08-28 12:42:07,532] Oktyabrinah006qwn@mail.ru
INFO [2015-08-28 12:42:07,594] Olesyajonnd008bre@mail.ru
INFO [2015-08-28 12:42:07,631] Olganiklucm009orr@mail.ru
INFO [2015-08-28 12:42:07,716] Olesyajonnd008bre@mail.ru
INFO [2015-08-28 12:42:07,809] Ostapbuzzer011nee@mail.ru
INFO [2015-08-28 12:42:07,888] Olganiklucm009orr@mail.ru
INFO [2015-08-28 12:42:07,980] Olegmatrosm007huo@mail.ru
INFO [2015-08-28 12:42:07,994] Olegmatrosm007huo@mail.ru
INFO [2015-08-28 12:42:08,036] Nikolaypkpw002nox@mail.ru
INFO [2015-08-28 12:42:08,137] Nikolaypkpw002nox@mail.ru
INFO [2015-08-28 12:42:08,229] Olegmatrosm007huo@mail.ru
INFO [2015-08-28 12:42:08,303] Pelageyabwp014num@mail.ru
INFO [2015-08-28 12:42:08,325] Pavlinastre013ohe@mail.ru
INFO [2015-08-28 12:42:08,361] Petrorientw015tir@mail.ru
INFO [2015-08-28 12:42:08,421] Pavelchoicj012bra@mail.ru
INFO [2015-08-28 12:42:08,457] Olegmatrosm007huo@mail.ru
INFO [2015-08-28 12:42:08,496] Olegmatrosm007huo@mail.ru
INFO [2015-08-28 12:42:08,601] Pelageyabwp014num@mail.ru
INFO [2015-08-28 12:42:08,655] Platonvojep016bra@mail.ru
INFO [2015-08-28 12:42:08,749] Olegmatrosm007huo@mail.ru
INFO [2015-08-28 12:42:08,763] Nikolaiofwt001mum@mail.ru
INFO [2015-08-28 12:42:08,775] Platonvojep016bra@mail.ru
INFO [2015-08-28 12:42:08,786] Polinalnsae018div@mail.ru
INFO [2015-08-28 12:42:08,841] Polinalnsae018div@mail.ru
INFO [2015-08-28 12:42:08,904] Pavelchoicj012bra@mail.ru
INFO [2015-08-28 12:42:08,997] Platonidaqh017mar@mail.ru
INFO [2015-08-28 12:42:09,082] Ninabombass003jin@mail.ru
INFO [2015-08-28 12:42:09,128] Platonidaqh017mar@mail.ru
INFO [2015-08-28 12:42:09,148] Nikolaypkpw002nox@mail.ru
INFO [2015-08-28 12:42:09,194] Olganiklucm009orr@mail.ru
INFO [2015-08-28 12:42:09,230] Pavelchoicj012bra@mail.ru
INFO [2015-08-28 12:42:09,244] Ninabombass003jin@mail.ru
INFO [2015-08-28 12:42:09,345] Pavelchoicj012bra@mail.ru
INFO [2015-08-28 12:42:09,410] Olegmatrosm007huo@mail.ru
INFO [2015-08-28 12:42:09,490] Osipbendere010lli@mail.ru
INFO [2015-08-28 12:42:09,543] Nikolaiofwt001mum@mail.ru
INFO [2015-08-28 12:42:09,638] Nikolaiofwt001mum@mail.ru
INFO [2015-08-28 12:42:09,717] Pavlinastre013ohe@mail.ru
INFO [2015-08-28 12:42:09,808] Ninelraselg004ppo@mail.ru
INFO [2015-08-28 12:42:09,855] Ninelraselg004ppo@mail.ru
INFO [2015-08-28 12:42:09,957] Olesyajonnd008bre@mail.ru
INFO [2015-08-28 12:42:09,993] Ninabombass003jin@mail.ru
INFO [2015-08-28 12:42:10,075] Nikolaypkpw002nox@mail.ru
INFO [2015-08-28 12:42:10,158] Ostapbuzzer011nee@mail.ru
INFO [2015-08-28 12:42:13,844] Ninabombass003jin@mail.ru
INFO [2015-08-28 12:42:13,865] Polinalnsae018div@mail.ru
INFO [2015-08-28 12:42:13,926] Nikolaiofwt001mum@mail.ru
INFO [2015-08-28 12:42:13,954] Potappronsn019kre@mail.ru
INFO [2015-08-28 12:42:14,005] Olesyajonnd008bre@mail.ru
INFO [2015-08-28 12:42:14,016] Olesyajonnd008bre@mail.ru
INFO [2015-08-28 12:42:14,089] Ostapbuzzer011nee@mail.ru
INFO [2015-08-28 12:42:14,176] Ostapbuzzer011nee@mail.ru
INFO [2015-08-28 12:42:14,259] Ostapbuzzer011nee@mail.ru
INFO [2015-08-28 12:42:14,358] Ninelraselg004ppo@mail.ru
INFO [2015-08-28 12:42:14,408] Pavelchoicj012bra@mail.ru
INFO [2015-08-28 12:42:14,512] Potappronsn019kre@mail.ru
INFO [2015-08-28 12:42:14,532] Olganiklucm009orr@mail.ru
INFO [2015-08-28 12:42:14,578] Ninabombass003jin@mail.ru
INFO [2015-08-28 12:42:15,437] Polinalnsae018div@mail.ru
INFO [2015-08-28 12:42:15,548] Nikolaypkpw002nox@mail.ru
INFO [2015-08-28 12:42:15,569] Oksananickk005sam@mail.ru
INFO [2015-08-28 12:42:15,632] Osipbendere010lli@mail.ru
INFO [2015-08-28 12:42:15,677] Ostapbuzzer011nee@mail.ru
INFO [2015-08-28 12:42:15,739] Petrorientw015tir@mail.ru
INFO [2015-08-28 12:42:15,821] Pavelchoicj012bra@mail.ru
INFO [2015-08-28 12:42:15,891] Potappronsn019kre@mail.ru
INFO [2015-08-28 12:42:15,930] Ostapbuzzer011nee@mail.ru
INFO [2015-08-28 12:42:15,963] Pavelchoicj012bra@mail.ru
INFO [2015-08-28 12:42:16,038] Pelageyabwp014num@mail.ru
INFO [2015-08-28 12:42:16,091] Olganiklucm009orr@mail.ru
INFO [2015-08-28 12:42:16,137] Oksananickk005sam@mail.ru
INFO [2015-08-28 12:42:16,204] Ninabombass003jin@mail.ru
INFO [2015-08-28 12:42:16,220] Oksananickk005sam@mail.ru
INFO [2015-08-28 12:42:16,243] Ninabombass003jin@mail.ru
INFO [2015-08-28 12:42:16,269] Oksananickk005sam@mail.ru
INFO [2015-08-28 12:42:16,375] Olganiklucm009orr@mail.ru
INFO [2015-08-28 12:42:16,418] Olegmatrosm007huo@mail.ru
INFO [2015-08-28 12:42:16,446] Nikolaypkpw002nox@mail.ru
INFO [2015-08-28 12:42:16,535] Pavlinastre013ohe@mail.ru
INFO [2015-08-28 12:42:16,615] Nikolaiofwt001mum@mail.ru
INFO [2015-08-28 12:42:16,674] Oksananickk005sam@mail.ru
INFO [2015-08-28 12:42:16,740] Osipbendere010lli@mail.ru
INFO [2015-08-28 12:42:16,779] Platonvojep016bra@mail.ru
INFO [2015-08-28 12:42:16,809] Pelageyabwp014num@mail.ru
INFO [2015-08-28 12:42:16,865] Pelageyabwp014num@mail.ru
INFO [2015-08-28 12:42:16,904] Platonidaqh017mar@mail.ru
INFO [2015-08-28 12:42:16,974] Potappronsn019kre@mail.ru
INFO [2015-08-28 12:42:17,016] Pelageyabwp014num@mail.ru
INFO [2015-08-28 12:42:17,062] Oksananickk005sam@mail.ru
INFO [2015-08-28 12:42:17,088] Olegmatrosm007huo@mail.ru
INFO [2015-08-28 12:42:17,134] Ninabombass003jin@mail.ru
INFO [2015-08-28 12:42:17,214] Polinalnsae018div@mail.ru
INFO [2015-08-28 12:42:17,296] Olesyajonnd008bre@mail.ru
INFO [2015-08-28 12:42:17,345] Olesyajonnd008bre@mail.ru
INFO [2015-08-28 12:43:46,763] Oktyabrinah006qwn@mail.ru
INFO [2015-08-28 12:43:46,792] Olesyajonnd008bre@mail.ru
INFO [2015-08-28 12:43:46,844] Oksananickk005sam@mail.ru
INFO [2015-08-28 12:43:46,881] Oksananickk005sam@mail.ru
INFO [2015-08-28 12:43:46,933] Olganiklucm009orr@mail.ru
INFO [2015-08-28 12:43:47,023] Polinalnsae018div@mail.ru
INFO [2015-08-28 12:43:47,046] Nikolaiofwt001mum@mail.ru
INFO [2015-08-28 12:43:47,094] Polinalnsae018div@mail.ru
INFO [2015-08-28 12:43:47,121] Polinalnsae018div@mail.ru
INFO [2015-08-28 12:43:47,164] Olesyajonnd008bre@mail.ru
INFO [2015-08-28 12:43:47,188] Nikolaypkpw002nox@mail.ru
INFO [2015-08-28 12:43:47,209] Olegmatrosm007huo@mail.ru
INFO [2015-08-28 12:43:47,226] Osipbendere010lli@mail.ru
INFO [2015-08-28 12:43:47,319] Osipbendere010lli@mail.ru
INFO [2015-08-28 12:43:47,365] Nikolaiofwt001mum@mail.ru
INFO [2015-08-28 12:43:47,446] Polinalnsae018div@mail.ru
INFO [2015-08-28 12:43:47,530] Osipbendere010lli@mail.ru
INFO [2015-08-28 12:43:47,545] Osipbendere010lli@mail.ru
INFO [2015-08-28 12:43:47,628] Polinalnsae018div@mail.ru
INFO [2015-08-28 12:43:47,638] Pelageyabwp014num@mail.ru
INFO [2015-08-28 12:43:47,730] Osipbendere010lli@mail.ru
INFO [2015-08-28 12:43:47,757] Platonidaqh017mar@mail.ru
INFO [2015-08-28 12:43:47,858] Ninelraselg004ppo@mail.ru
INFO [2015-08-28 12:43:47,953] Petrorientw015tir@mail.ru
INFO [2015-08-28 12:43:48,028] Platonvojep016bra@mail.ru
INFO [2015-08-28 12:43:48,049] Pelageyabwp014num@mail.ru
INFO [2015-08-28 12:43:48,069] Potappronsn019kre@mail.ru
INFO [2015-08-28 12:43:48,163] Ninabombass003jin@mail.ru
INFO [2015-08-28 12:43:48,246] Polinalnsae018div@mail.ru
INFO [2015-08-28 12:43:48,318] Potappronsn019kre@mail.ru
INFO [2015-08-28 12:43:48,407] Osipbendere010lli@mail.ru
INFO [2015-08-28 12:43:48,420] Nikolaiofwt001mum@mail.ru
INFO [2015-08-28 12:43:48,447] Ostapbuzzer011nee@mail.ru
INFO [2015-08-28 12:43:48,486] Olganiklucm009orr@mail.ru
INFO [2015-08-28 12:43:48,576] Potappronsn019kre@mail.ru
INFO [2015-08-28 12:43:48,627] Olganiklucm009orr@mail.ru
INFO [2015-08-28 12:43:48,703] Olganiklucm009orr@mail.ru
INFO [2015-08-28 12:43:48,783] Oktyabrinah006qwn@mail.ru
INFO [2015-08-28 12:43:48,861] Oksananickk005sam@mail.ru
INFO [2015-08-28 12:43:48,948] Pavelchoicj012bra@mail.ru
INFO [2015-08-28 12:43:49,058] Osipbendere010lli@mail.ru
INFO [2015-08-28 12:43:49,078] Osipbendere010lli@mail.ru
INFO [2015-08-28 12:43:49,161] Praskovyaqn020ree@mail.ru
INFO [2015-08-28 12:43:49,903] Petrorientw015tir@mail.ru
INFO [2015-08-28 12:43:49,950] Platonvojep016bra@mail.ru
INFO [2015-08-28 12:43:50,017] Pelageyabwp014num@mail.ru
INFO [2015-08-28 12:43:50,130] Potappronsn019kre@mail.ru
INFO [2015-08-28 12:43:50,211] Oksananickk005sam@mail.ru
INFO [2015-08-28 12:43:50,332] Ninabombass003jin@mail.ru
INFO [2015-08-28 12:43:50,427] Pelageyabwp014num@mail.ru
INFO [2015-08-28 12:43:51,140] Platonvojep016bra@mail.ru
INFO [2015-08-28 12:43:51,200] Olganiklucm009orr@mail.ru
INFO [2015-08-28 12:43:51,237] Polinalnsae018div@mail.ru
INFO [2015-08-28 12:43:51,282] Nikolaypkpw002nox@mail.ru
INFO [2015-08-28 12:43:51,348] Polinalnsae018div@mail.ru
INFO [2015-08-28 12:43:51,375] Olegmatrosm007huo@mail.ru
INFO [2015-08-28 12:43:51,414] Potappronsn019kre@mail.ru
INFO [2015-08-28 12:43:51,444] Oksananickk005sam@mail.ru
INFO [2015-08-28 12:43:51,459] Pavlinastre013ohe@mail.ru
INFO [2015-08-28 12:43:51,539] Olesyajonnd008bre@mail.ru
INFO [2015-08-28 12:43:51,586] Ostapbuzzer011nee@mail.ru
INFO [2015-08-28 12:43:51,608] Ninelraselg004ppo@mail.ru
INFO [2015-08-28 12:43:51,667] Praskovyaqn020ree@mail.ru
INFO [2015-08-28 12:43:51,769] Nikolaypkpw002nox@mail.ru
INFO [2015-08-28 12:43:51,851] Potappronsn019kre@mail.ru
INFO [2015-08-28 12:43:51,953] Pavelchoicj012bra@mail.ru
INFO [2015-08-28 12:43:52,040] Nikolaiofwt001mum@mail.ru
INFO [2015-08-28 12:43:52,128] Osipbendere010lli@mail.ru
INFO [2015-08-28 12:43:52,201] Osipbendere010lli@mail.ru
INFO [2015-08-28 12:43:52,286] Praskovyaqn020ree@mail.ru
INFO [2015-08-28 12:43:52,312] Ostapbuzzer011nee@mail.ru
INFO [2015-08-28 12:43:52,411] Osipbendere010lli@mail.ru
INFO [2015-08-28 12:43:52,513] Ninelraselg004ppo@mail.ru
INFO [2015-08-28 12:43:52,546] Pelageyabwp014num@mail.ru
INFO [2015-08-28 12:43:52,575] Olegmatrosm007huo@mail.ru
INFO [2015-08-28 12:43:52,681] Polinalnsae018div@mail.ru
INFO [2015-08-28 12:43:52,703] Nikolaiofwt001mum@mail.ru
INFO [2015-08-28 12:43:52,724] Olegmatrosm007huo@mail.ru
INFO [2015-08-28 12:43:52,811] Ostapbuzzer011nee@mail.ru
INFO [2015-08-28 12:43:52,835] Platonvojep016bra@mail.ru
INFO [2015-08-28 12:43:52,892] Potappronsn019kre@mail.ru
INFO [2015-08-28 12:43:52,921] Osipbendere010lli@mail.ru
INFO [2015-08-28 12:43:52,980] Oksananickk005sam@mail.ru
INFO [2015-08-28 12:43:53,069] Nikolaiofwt001mum@mail.ru
INFO [2015-08-28 12:43:53,151] Olesyajonnd008bre@mail.ru
INFO [2015-08-28 12:43:53,240] Pavelchoicj012bra@mail.ru
INFO [2015-08-28 12:43:53,280] Oktyabrinah006qwn@mail.ru
INFO [2015-08-28 12:43:53,302] Ninabombass003jin@mail.ru
INFO [2015-08-28 12:43:53,391] Ninelraselg004ppo@mail.ru
INFO [2015-08-28 12:43:53,437] Oksananickk005sam@mail.ru
INFO [2015-08-28 12:43:53,453] Olegmatrosm007huo@mail.ru
INFO [2015-08-28 12:43:53,536] Pavlinastre013ohe@mail.ru
INFO [2015-08-28 12:43:53,562] Osipbendere010lli@mail.ru
INFO [2015-08-28 12:43:53,588] Ninelraselg004ppo@mail.ru
INFO [2015-08-28 12:43:53,655] Osipbendere010lli@mail.ru
INFO [2015-08-28 12:43:53,694] Nikolaypkpw002nox@mail.ru
INFO [2015-08-28 12:43:53,729] Potappronsn019kre@mail.ru
INFO [2015-08-28 12:43:53,773] Platonvojep016bra@mail.ru
INFO [2015-08-28 12:43:53,834] Olegmatrosm007huo@mail.ru
INFO [2015-08-28 12:43:53,875] Pelageyabwp014num@mail.ru
INFO [2015-08-28 12:45:57,578] Pavelchoicj012bra@mail.ru
INFO [2015-08-28 12:45:57,625] Pavelchoicj012bra@mail.ru
INFO [2015-08-28 12:45:57,723] Pavelchoicj012bra@mail.ru
INFO [2015-08-28 12:45:57,779] Olegmatrosm007huo@mail.ru
INFO [2015-08-28 12:45:57,789] Oktyabrinah006qwn@mail.ru
INFO [2015-08-28 12:45:57,855] Potappronsn019kre@mail.ru
INFO [2015-08-28 12:45:57,947] Oksananickk005sam@mail.ru
INFO [2015-08-28 12:45:58,017] Petrorientw015tir@mail.ru
INFO [2015-08-28 12:45:58,085] Olganiklucm009orr@mail.ru
INFO [2015-08-28 12:45:58,117] Platonvojep016bra@mail.ru
INFO [2015-08-28 12:45:58,191] Praskovyaqn020ree@mail.ru
INFO [2015-08-28 12:45:58,244] Petrorientw015tir@mail.ru
INFO [2015-08-28 12:45:58,263] Pavlinastre013ohe@mail.ru
INFO [2015-08-28 12:45:58,346] Platonvojep016bra@mail.ru
INFO [2015-08-28 12:45:58,361] Ninelraselg004ppo@mail.ru
INFO [2015-08-28 12:45:58,428] Pelageyabwp014num@mail.ru
INFO [2015-08-28 12:45:58,483] Olegmatrosm007huo@mail.ru
INFO [2015-08-28 12:45:58,526] Pavelchoicj012bra@mail.ru
INFO [2015-08-28 12:45:58,601] Pavlinastre013ohe@mail.ru
INFO [2015-08-28 12:45:58,615] Pavelchoicj012bra@mail.ru
INFO [2015-08-28 12:46:31,119] Ostapbuzzer011nee@mail.ru
INFO [2015-08-28 12:46:31,161] Ninelraselg004ppo@mail.ru
INFO [2015-08-28 12:46:31,255] Petrorientw015tir@mail.ru
INFO [2015-08-28 12:46:31,341] Petrorientw015tir@mail.ru
INFO [2015-08-28 12:46:31,417] Pavlinastre013ohe@mail.ru
INFO [2015-08-28 12:46:31,446] Platonvojep016bra@mail.ru
INFO [2015-08-28 12:46:31,509] Nikolaiofwt001mum@mail.ru
INFO [2015-08-28 12:46:31,548] Pelageyabwp014num@mail.ru
INFO [2015-08-28 12:46:31,569] Pelageyabwp014num@mail.ru
INFO [2015-08-28 12:46:31,631] Pavlinastre013ohe@mail.ru
INFO [2015-08-28 12:46:31,720] Osipbendere010lli@mail.ru
INFO [2015-08-28 12:46:31,792] Praskovyaqn020ree@mail.ru
INFO [2015-08-28 12:46:31,813] Pavlinastre013ohe@mail.ru
INFO [2015-08-28 12:46:31,869] Olesyajonnd008bre@mail.ru
INFO [2015-08-28 12:46:31,970] Olegmatrosm007huo@mail.ru
INFO [2015-08-28 12:46:32,019] Pavlinastre013ohe@mail.ru
INFO [2015-08-28 12:46:32,086] Olegmatrosm007huo@mail.ru
INFO [2015-08-28 12:46:32,108] Olegmatrosm007huo@mail.ru
INFO [2015-08-28 12:46:32,178] Olesyajonnd008bre@mail.ru
INFO [2015-08-28 12:46:32,239] Praskovyaqn020ree@mail.ru
INFO [2015-08-28 12:46:33,973] Platonidaqh017mar@mail.ru
INFO [2015-08-28 12:46:34,006] Olegmatrosm007huo@mail.ru
INFO [2015-08-28 12:46:34,020] Olegmatrosm007huo@mail.ru
INFO [2015-08-28 12:46:34,065] Polinalnsae018div@mail.ru
INFO [2015-08-28 12:46:34,148] Oksananickk005sam@mail.ru
INFO [2015-08-28 12:46:34,227] Platonvojep016bra@mail.ru
INFO [2015-08-28 12:46:34,275] Osipbendere010lli@mail.ru
INFO [2015-08-28 12:46:34,289] Polinalnsae018div@mail.ru
INFO [2015-08-28 12:46:34,378] Platonvojep016bra@mail.ru
INFO [2015-08-28 12:46:34,448] Pavelchoicj012bra@mail.ru
INFO [2015-08-28 12:46:34,530] Platonvojep016bra@mail.ru
INFO [2015-08-28 12:46:34,548] Oktyabrinah006qwn@mail.ru
INFO [2015-08-28 12:46:34,644] Pelageyabwp014num@mail.ru
INFO [2015-08-28 12:46:34,676] Pavelchoicj012bra@mail.ru
INFO [2015-08-28 12:46:34,921] Osipbendere010lli@mail.ru
INFO [2015-08-28 12:46:34,957] Olegmatrosm007huo@mail.ru
INFO [2015-08-28 12:46:34,990] Ostapbuzzer011nee@mail.ru
INFO [2015-08-28 12:46:35,016] Praskovyaqn020ree@mail.ru
INFO [2015-08-28 12:46:35,092] Platonidaqh017mar@mail.ru
INFO [2015-08-28 12:46:35,184] Praskovyaqn020ree@mail.ru
INFO [2015-08-28 12:46:38,009] Olesyajonnd008bre@mail.ru
INFO [2015-08-28 12:46:38,092] Nikolaypkpw002nox@mail.ru
INFO [2015-08-28 12:46:38,111] Ninabombass003jin@mail.ru
INFO [2015-08-28 12:46:38,145] Olganiklucm009orr@mail.ru
INFO [2015-08-28 12:46:38,206] Olganiklucm009orr@mail.ru
INFO [2015-08-28 12:46:38,221] Praskovyaqn020ree@mail.ru
INFO [2015-08-28 12:46:38,296] Osipbendere010lli@mail.ru
INFO [2015-08-28 12:46:38,395] Pelageyabwp014num@mail.ru
INFO [2015-08-28 12:46:38,457] Osipbendere010lli@mail.ru
INFO [2015-08-28 12:46:38,519] Ninelraselg004ppo@mail.ru
INFO [2015-08-28 12:46:38,605] Praskovyaqn020ree@mail.ru
INFO [2015-08-28 12:46:38,657] Platonidaqh017mar@mail.ru
INFO [2015-08-28 12:46:38,743] Ninelraselg004ppo@mail.ru
INFO [2015-08-28 12:46:38,759] Osipbendere010lli@mail.ru
INFO [2015-08-28 12:46:38,770] Petrorientw015tir@mail.ru
INFO [2015-08-28 12:46:38,822] Nikolaiofwt001mum@mail.ru
INFO [2015-08-28 12:46:38,875] Nikolaiofwt001mum@mail.ru
INFO [2015-08-28 12:46:38,921] Platonvojep016bra@mail.ru
INFO [2015-08-28 12:46:38,992] Platonvojep016bra@mail.ru
INFO [2015-08-28 12:46:39,025] Pavelchoicj012bra@mail.ru
INFO [2015-08-28 12:46:41,078] Nikolaypkpw002nox@mail.ru
INFO [2015-08-28 12:46:41,098] Ninabombass003jin@mail.ru
INFO [2015-08-28 12:46:41,200] Platonidaqh017mar@mail.ru
INFO [2015-08-28 12:46:41,246] Petrorientw015tir@mail.ru
INFO [2015-08-28 12:46:41,308] Pavelchoicj012bra@mail.ru
INFO [2015-08-28 12:46:41,342] Ninelraselg004ppo@mail.ru
INFO [2015-08-28 12:46:41,430] Olegmatrosm007huo@mail.ru
INFO [2015-08-28 12:46:41,471] Olesyajonnd008bre@mail.ru
INFO [2015-08-28 12:46:41,486] Olesyajonnd008bre@mail.ru
INFO [2015-08-28 12:46:41,522] Pavelchoicj012bra@mail.ru
INFO [2015-08-28 12:46:41,579] Polinalnsae018div@mail.ru
INFO [2015-08-28 12:46:41,638] Praskovyaqn020ree@mail.ru
INFO [2015-08-28 12:46:41,687] Pavlinastre013ohe@mail.ru
INFO [2015-08-28 12:46:41,720] Nikolaypkpw002nox@mail.ru
INFO [2015-08-28 12:46:41,733] Ninabombass003jin@mail.ru
INFO [2015-08-28 12:46:41,792] Olegmatrosm007huo@mail.ru
INFO [2015-08-28 12:46:41,832] Platonidaqh017mar@mail.ru
INFO [2015-08-28 12:46:41,924] Pavelchoicj012bra@mail.ru
INFO [2015-08-28 12:46:42,003] Olesyajonnd008bre@mail.ru
INFO [2015-08-28 12:46:42,059] Polinalnsae018div@mail.ru
INFO [2015-08-28 12:46:44,719] Platonvojep016bra@mail.ru
INFO [2015-08-28 12:46:44,816] Osipbendere010lli@mail.ru
INFO [2015-08-28 12:46:44,865] Osipbendere010lli@mail.ru
INFO [2015-08-28 12:46:44,924] Platonvojep016bra@mail.ru
INFO [2015-08-28 12:46:44,993] Nikolaiofwt001mum@mail.ru
INFO [2015-08-28 12:46:45,036] Platonidaqh017mar@mail.ru
INFO [2015-08-28 12:46:45,082] Polinalnsae018div@mail.ru
INFO [2015-08-28 12:46:45,138] Oksananickk005sam@mail.ru
INFO [2015-08-28 12:46:45,234] Nikolaiofwt001mum@mail.ru
INFO [2015-08-28 12:46:45,335] Osipbendere010lli@mail.ru
INFO [2015-08-28 12:46:45,378] Praskovyaqn020ree@mail.ru
INFO [2015-08-28 12:46:45,448] Olesyajonnd008bre@mail.ru
INFO [2015-08-28 12:46:45,532] Pavlinastre013ohe@mail.ru
INFO [2015-08-28 12:46:45,631] Potappronsn019kre@mail.ru
INFO [2015-08-28 12:46:45,726] Ninabombass003jin@mail.ru
INFO [2015-08-28 12:46:45,801] Ostapbuzzer011nee@mail.ru
INFO [2015-08-28 12:46:45,901] Polinalnsae018div@mail.ru
INFO [2015-08-28 12:46:45,911] Ostapbuzzer011nee@mail.ru
INFO [2015-08-28 12:46:45,957] Ninelraselg004ppo@mail.ru
INFO [2015-08-28 12:46:46,052] Olegmatrosm007huo@mail.ru
INFO [2015-08-28 12:46:48,390] Pavelchoicj012bra@mail.ru
INFO [2015-08-28 12:46:48,401] Osipbendere010lli@mail.ru
INFO [2015-08-28 12:46:48,503] Potappronsn019kre@mail.ru
INFO [2015-08-28 12:46:48,588] Platonidaqh017mar@mail.ru
INFO [2015-08-28 12:46:48,684] Oksananickk005sam@mail.ru
INFO [2015-08-28 12:46:48,778] Ostapbuzzer011nee@mail.ru
INFO [2015-08-28 12:46:48,823] Ninabombass003jin@mail.ru
INFO [2015-08-28 12:46:48,913] Olganiklucm009orr@mail.ru
INFO [2015-08-28 12:46:48,940] Olganiklucm009orr@mail.ru
INFO [2015-08-28 12:46:48,982] Pavelchoicj012bra@mail.ru
INFO [2015-08-28 12:46:49,084] Ninelraselg004ppo@mail.ru
INFO [2015-08-28 12:46:49,111] Nikolaypkpw002nox@mail.ru
INFO [2015-08-28 12:46:49,211] Ostapbuzzer011nee@mail.ru
INFO [2015-08-28 12:46:49,244] Ninelraselg004ppo@mail.ru
INFO [2015-08-28 12:46:49,290] Pelageyabwp014num@mail.ru
INFO [2015-08-28 12:46:49,355] Olegmatrosm007huo@mail.ru
INFO [2015-08-28 12:46:49,405] Pelageyabwp014num@mail.ru
INFO [2015-08-28 12:46:49,507] Olesyajonnd008bre@mail.ru
INFO [2015-08-28 12:46:49,601] Petrorientw015tir@mail.ru
INFO [2015-08-28 12:46:49,697] Polinalnsae018div@mail.ru
